[+] Containers:
 |- [+] Container: /Game/TopDown/Maps/Level_B
 |   |- [+] ActorDescs:
 |   |   |- Guid:0B5055A1D8A73F84917688AA5EDF1867 NativeClass:/Script/Engine.SkyAtmosphere Name:SkyAtmosphere_1 Label:SkyAtmosphere SpatiallyLoaded:false EditorBounds:IsValid=true, Min=(X=-128.000 Y=-128.000 Z=892.000), Max=(X=240.000 Y=128.000 Z=1148.000) RuntimeBounds:IsValid=true, Min=(X=0.000 Y=0.000 Z=1020.000), Max=(X=0.000 Y=0.000 Z=1020.000) RuntimeGrid:None EditorOnly:false RuntimeOnly:false HLODRelevant:false ListedInSceneOutliner:true IsMainWorldOnly:false FolderPath:Lighting FolderGuid:4C9334684BA61B42C769F799D2576455
 |   |   |- Guid:184DDA3DB9F03B11A76160641FEB2E0A NativeClass:/Script/Engine.ExponentialHeightFog Name:ExponentialHeightFog_1 Label:ExponentialHeightFog SpatiallyLoaded:false EditorBounds:IsValid=true, Min=(X=-5728.000 Y=-178.000 Z=-6978.000), Max=(X=-5472.000 Y=78.000 Z=-6722.000) RuntimeBounds:IsValid=true, Min=(X=-5600.000 Y=-50.000 Z=-6850.000), Max=(X=-5600.000 Y=-50.000 Z=-6850.000) RuntimeGrid:None EditorOnly:false RuntimeOnly:false HLODRelevant:false ListedInSceneOutliner:true IsMainWorldOnly:false FolderPath:Lighting FolderGuid:4C9334684BA61B42C769F799D2576455
 |   |   |- Guid:1E871267D25F3CCB8625DA763BDFC2D4 NativeClass:/Script/NavigationSystem.NavMeshBoundsVolume Name:NavMeshBoundsVolume_1 Label:NavMeshBoundsVolume SpatiallyLoaded:false EditorBounds:IsValid=true, Min=(X=-6500.000 Y=-7500.000 Z=-1110.000), Max=(X=9500.000 Y=11000.000 Z=1390.000) RuntimeBounds:IsValid=true, Min=(X=-6500.000 Y=-7500.000 Z=-1110.000), Max=(X=9500.000 Y=11000.000 Z=1390.000) RuntimeGrid:None EditorOnly:false RuntimeOnly:false HLODRelevant:false ListedInSceneOutliner:true IsMainWorldOnly:false FolderPath:Navigation FolderGuid:AE45D61F453CC144CF8289862C276E89
 |   |   |- Guid:20854808F64D3AE4A25F77E2B837572F BaseClass:/Game/Enemy/BP_Enemy_Melee.BP_Enemy_Melee_C NativeClass:/Script/Engine.Character Name:BP_Enemy_Melee_C_UAID_DC4628E3D851865E02_1131959343 Label:BP_Enemy_Melee SpatiallyLoaded:true EditorBounds:IsValid=true, Min=(X=-1089.709 Y=830.000 Z=-3.491), Max=(X=1482.000 Y=2850.000 Z=2963.790) RuntimeBounds:IsValid=true, Min=(X=1398.000 Y=1768.000 Z=-3.491), Max=(X=1482.000 Y=1861.290 Z=192.000) RuntimeGrid:None EditorOnly:false RuntimeOnly:false HLODRelevant:false ListedInSceneOutliner:true IsMainWorldOnly:false
 |   |   |- Guid:2AF75861DD428C8230831A9376481A07 NativeClass:/Script/Engine.StaticMeshActor Name:StaticMeshActor_UAID_5CE91EABF2B2285F02_1694986858 Label:SM_Cube SpatiallyLoaded:true EditorBounds:IsValid=true, Min=(X=0.000 Y=0.000 Z=-50.000), Max=(X=3000.000 Y=3500.000 Z=0.000) RuntimeBounds:IsValid=true, Min=(X=0.000 Y=0.000 Z=-50.000), Max=(X=3000.000 Y=3500.000 Z=0.000) RuntimeGrid:None EditorOnly:false RuntimeOnly:false HLODRelevant:true ListedInSceneOutliner:true IsMainWorldOnly:false FolderPath:Playground FolderGuid:9FE5E8B349AF71F05F2688921F3F2AC5
 |   |   |- Guid:2BADD95815EA385CAB76FC464DF25F90 BaseClass:/Game/TopDown/Blueprints/DungeonGenerator.DungeonGenerator_C NativeClass:/Script/Engine.Actor Name:DungeonGenerator_C_UAID_5CE91EABF2B2A15C02_1104063983 Label:DungeonGenerator SpatiallyLoaded:true EditorBounds:IsValid=true, Min=(X=1440.000 Y=1820.000 Z=50.000), Max=(X=1440.000 Y=1820.000 Z=50.000) RuntimeBounds:IsValid=true, Min=(X=1440.000 Y=1820.000 Z=50.000), Max=(X=1440.000 Y=1820.000 Z=50.000) RuntimeGrid:None EditorOnly:false RuntimeOnly:false HLODRelevant:false ListedInSceneOutliner:true IsMainWorldOnly:false
 |   |   |- Guid:2F74951981DD3D61A13EA0F622DD5DCE NativeClass:/Script/Engine.DirectionalLight Name:DirectionalLight_1 Label:DirectionalLight SpatiallyLoaded:false EditorBounds:IsValid=false, Min=(X=0.000 Y=0.000 Z=0.000), Max=(X=0.000 Y=0.000 Z=0.000) RuntimeBounds:IsValid=false, Min=(X=0.000 Y=0.000 Z=0.000), Max=(X=0.000 Y=0.000 Z=0.000) RuntimeGrid:None EditorOnly:false RuntimeOnly:false HLODRelevant:false ListedInSceneOutliner:true IsMainWorldOnly:false FolderPath:Lighting FolderGuid:4C9334684BA61B42C769F799D2576455
 |   |   |- Guid:3B001FA0C97E3ACEAAA3202AD5A5E55A NativeClass:/Script/Engine.PostProcessVolume Name:PostProcessVolume_1 Label:PostProcessVolume SpatiallyLoaded:false EditorBounds:IsValid=true, Min=(X=0.000 Y=0.000 Z=400.000), Max=(X=200.000 Y=200.000 Z=600.000) RuntimeBounds:IsValid=true, Min=(X=0.000 Y=0.000 Z=400.000), Max=(X=200.000 Y=200.000 Z=600.000) RuntimeGrid:None EditorOnly:false RuntimeOnly:false HLODRelevant:false ListedInSceneOutliner:true IsMainWorldOnly:false FolderPath:Lighting FolderGuid:4C9334684BA61B42C769F799D2576455
 |   |   |- Guid:3E9FE28D58E6352D84DEBCD639614909 NativeClass:/Script/AIModule.NavLinkProxy Name:NavLinkProxy_3 Label:NavLinkProxy3 SpatiallyLoaded:true EditorBounds:IsValid=true, Min=(X=2112.000 Y=900.000 Z=-38.000), Max=(X=2368.000 Y=1158.000 Z=230.000) RuntimeBounds:IsValid=true, Min=(X=2240.000 Y=1030.000 Z=90.000), Max=(X=2240.000 Y=1030.000 Z=90.000) RuntimeGrid:None EditorOnly:false RuntimeOnly:false HLODRelevant:false ListedInSceneOutliner:true IsMainWorldOnly:false FolderPath:Navigation FolderGuid:AE45D61F453CC144CF8289862C276E89
 |   |   |- Guid:69C6956E04853543AA4648133DBD8A40 NativeClass:/Script/Engine.StaticMeshActor Name:StaticMeshActor_UAID_A4AE111137DC5CFB00_1660657071 Label:SM_SkySphere SpatiallyLoaded:false EditorBounds:IsValid=true, Min=(X=-1638400.000 Y=-1638400.000 Z=-1638400.000), Max=(X=1638400.000 Y=1638400.000 Z=1638400.000) RuntimeBounds:IsValid=true, Min=(X=-1638400.000 Y=-1638400.000 Z=-1638400.000), Max=(X=1638400.000 Y=1638400.000 Z=1638400.000) RuntimeGrid:None EditorOnly:false RuntimeOnly:false HLODRelevant:false ListedInSceneOutliner:true IsMainWorldOnly:false FolderPath:Lighting FolderGuid:4C9334684BA61B42C769F799D2576455
 |   |   |- Guid:6F277B0676233C30A16E29C0D2F412DB NativeClass:/Script/Engine.SkyLight Name:SkyLight_1 Label:SkyLight SpatiallyLoaded:false EditorBounds:IsValid=true, Min=(X=-1.000 Y=-1.000 Z=-1.000), Max=(X=1.000 Y=1.000 Z=690.000) RuntimeBounds:IsValid=true, Min=(X=0.000 Y=0.000 Z=690.000), Max=(X=0.000 Y=0.000 Z=690.000) RuntimeGrid:None EditorOnly:false RuntimeOnly:false HLODRelevant:false ListedInSceneOutliner:true IsMainWorldOnly:false FolderPath:Lighting FolderGuid:4C9334684BA61B42C769F799D2576455
 |   |   |- Guid:792E52D8C0DC3010B3157C516FB94FFE NativeClass:/Script/Engine.PlayerStart Name:PlayerStart_0 Label:PlayerStart SpatiallyLoaded:false EditorBounds:IsValid=true, Min=(X=1312.000 Y=1692.000 Z=-128.000), Max=(X=1680.000 Y=1948.000 Z=128.000) RuntimeBounds:IsValid=true, Min=(X=1400.000 Y=1780.000 Z=-92.000), Max=(X=1480.000 Y=1860.000 Z=92.000) RuntimeGrid:None EditorOnly:false RuntimeOnly:false HLODRelevant:false ListedInSceneOutliner:true IsMainWorldOnly:false
 |   |   |- Guid:A053967EEA4637FFBBA64BCA3EFA24DB NativeClass:/Script/Engine.WorldDataLayers Name:WorldDataLayers Label:WorldDataLayers SpatiallyLoaded:false EditorBounds:IsValid=false, Min=(X=0.000 Y=0.000 Z=0.000), Max=(X=0.000 Y=0.000 Z=0.000) RuntimeBounds:IsValid=false, Min=(X=0.000 Y=0.000 Z=0.000), Max=(X=0.000 Y=0.000 Z=0.000) RuntimeGrid:None EditorOnly:false RuntimeOnly:false HLODRelevant:false ListedInSceneOutliner:true IsMainWorldOnly:true
 |   |   |- Guid:B7FDF555B5A631CB892C6C2C41484F06 NativeClass:/Script/Engine.VolumetricCloud Name:VolumetricCloud_0 Label:VolumetricCloud SpatiallyLoaded:false EditorBounds:IsValid=true, Min=(X=-128.000 Y=-128.000 Z=692.000), Max=(X=128.000 Y=128.000 Z=948.000) RuntimeBounds:IsValid=true, Min=(X=0.000 Y=0.000 Z=820.000), Max=(X=0.000 Y=0.000 Z=820.000) RuntimeGrid:None EditorOnly:false RuntimeOnly:false HLODRelevant:false ListedInSceneOutliner:true IsMainWorldOnly:false FolderPath:Lighting FolderGuid:4C9334684BA61B42C769F799D2576455
 |   |   |- Guid:D869EE4A5B4B36CAA8751D872750D3BB NativeClass:/Script/NavigationSystem.NavMeshBoundsVolume Name:NavMeshBoundsVolume_UAID_DC4628E3D851865E02_1434237344 Label:NavMeshBoundsVolume2 SpatiallyLoaded:false EditorBounds:IsValid=true, Min=(X=-6755.000 Y=-3320.000 Z=-1300.000), Max=(X=9595.000 Y=7280.000 Z=1200.000) RuntimeBounds:IsValid=true, Min=(X=-6755.000 Y=-3320.000 Z=-1300.000), Max=(X=9595.000 Y=7280.000 Z=1200.000) RuntimeGrid:None EditorOnly:false RuntimeOnly:false HLODRelevant:false ListedInSceneOutliner:true IsMainWorldOnly:false
 |   |- [+] Clusters:
 |   |   |- [+] [  0]
 |   |   |   |- Guid:0B5055A1D8A73F84917688AA5EDF1867 NativeClass:/Script/Engine.SkyAtmosphere Name:SkyAtmosphere_1 Label:SkyAtmosphere SpatiallyLoaded:false EditorBounds:IsValid=true, Min=(X=-128.000 Y=-128.000 Z=892.000), Max=(X=240.000 Y=128.000 Z=1148.000) RuntimeBounds:IsValid=true, Min=(X=0.000 Y=0.000 Z=1020.000), Max=(X=0.000 Y=0.000 Z=1020.000) RuntimeGrid:None EditorOnly:false RuntimeOnly:false HLODRelevant:false ListedInSceneOutliner:true IsMainWorldOnly:false FolderPath:Lighting FolderGuid:4C9334684BA61B42C769F799D2576455
 |   |   |- [+] [  1]
 |   |   |   |- Guid:184DDA3DB9F03B11A76160641FEB2E0A NativeClass:/Script/Engine.ExponentialHeightFog Name:ExponentialHeightFog_1 Label:ExponentialHeightFog SpatiallyLoaded:false EditorBounds:IsValid=true, Min=(X=-5728.000 Y=-178.000 Z=-6978.000), Max=(X=-5472.000 Y=78.000 Z=-6722.000) RuntimeBounds:IsValid=true, Min=(X=-5600.000 Y=-50.000 Z=-6850.000), Max=(X=-5600.000 Y=-50.000 Z=-6850.000) RuntimeGrid:None EditorOnly:false RuntimeOnly:false HLODRelevant:false ListedInSceneOutliner:true IsMainWorldOnly:false FolderPath:Lighting FolderGuid:4C9334684BA61B42C769F799D2576455
 |   |   |- [+] [  2]
 |   |   |   |- Guid:1E871267D25F3CCB8625DA763BDFC2D4 NativeClass:/Script/NavigationSystem.NavMeshBoundsVolume Name:NavMeshBoundsVolume_1 Label:NavMeshBoundsVolume SpatiallyLoaded:false EditorBounds:IsValid=true, Min=(X=-6500.000 Y=-7500.000 Z=-1110.000), Max=(X=9500.000 Y=11000.000 Z=1390.000) RuntimeBounds:IsValid=true, Min=(X=-6500.000 Y=-7500.000 Z=-1110.000), Max=(X=9500.000 Y=11000.000 Z=1390.000) RuntimeGrid:None EditorOnly:false RuntimeOnly:false HLODRelevant:false ListedInSceneOutliner:true IsMainWorldOnly:false FolderPath:Navigation FolderGuid:AE45D61F453CC144CF8289862C276E89
 |   |   |- [+] [  3]
 |   |   |   |- Guid:20854808F64D3AE4A25F77E2B837572F BaseClass:/Game/Enemy/BP_Enemy_Melee.BP_Enemy_Melee_C NativeClass:/Script/Engine.Character Name:BP_Enemy_Melee_C_UAID_DC4628E3D851865E02_1131959343 Label:BP_Enemy_Melee SpatiallyLoaded:true EditorBounds:IsValid=true, Min=(X=-1089.709 Y=830.000 Z=-3.491), Max=(X=1482.000 Y=2850.000 Z=2963.790) RuntimeBounds:IsValid=true, Min=(X=1398.000 Y=1768.000 Z=-3.491), Max=(X=1482.000 Y=1861.290 Z=192.000) RuntimeGrid:None EditorOnly:false RuntimeOnly:false HLODRelevant:false ListedInSceneOutliner:true IsMainWorldOnly:false
 |   |   |- [+] [  4]
 |   |   |   |- Guid:2AF75861DD428C8230831A9376481A07 NativeClass:/Script/Engine.StaticMeshActor Name:StaticMeshActor_UAID_5CE91EABF2B2285F02_1694986858 Label:SM_Cube SpatiallyLoaded:true EditorBounds:IsValid=true, Min=(X=0.000 Y=0.000 Z=-50.000), Max=(X=3000.000 Y=3500.000 Z=0.000) RuntimeBounds:IsValid=true, Min=(X=0.000 Y=0.000 Z=-50.000), Max=(X=3000.000 Y=3500.000 Z=0.000) RuntimeGrid:None EditorOnly:false RuntimeOnly:false HLODRelevant:true ListedInSceneOutliner:true IsMainWorldOnly:false FolderPath:Playground FolderGuid:9FE5E8B349AF71F05F2688921F3F2AC5
 |   |   |- [+] [  5]
 |   |   |   |- Guid:2BADD95815EA385CAB76FC464DF25F90 BaseClass:/Game/TopDown/Blueprints/DungeonGenerator.DungeonGenerator_C NativeClass:/Script/Engine.Actor Name:DungeonGenerator_C_UAID_5CE91EABF2B2A15C02_1104063983 Label:DungeonGenerator SpatiallyLoaded:true EditorBounds:IsValid=true, Min=(X=1440.000 Y=1820.000 Z=50.000), Max=(X=1440.000 Y=1820.000 Z=50.000) RuntimeBounds:IsValid=true, Min=(X=1440.000 Y=1820.000 Z=50.000), Max=(X=1440.000 Y=1820.000 Z=50.000) RuntimeGrid:None EditorOnly:false RuntimeOnly:false HLODRelevant:false ListedInSceneOutliner:true IsMainWorldOnly:false
 |   |   |- [+] [  6]
 |   |   |   |- Guid:2F74951981DD3D61A13EA0F622DD5DCE NativeClass:/Script/Engine.DirectionalLight Name:DirectionalLight_1 Label:DirectionalLight SpatiallyLoaded:false EditorBounds:IsValid=false, Min=(X=0.000 Y=0.000 Z=0.000), Max=(X=0.000 Y=0.000 Z=0.000) RuntimeBounds:IsValid=false, Min=(X=0.000 Y=0.000 Z=0.000), Max=(X=0.000 Y=0.000 Z=0.000) RuntimeGrid:None EditorOnly:false RuntimeOnly:false HLODRelevant:false ListedInSceneOutliner:true IsMainWorldOnly:false FolderPath:Lighting FolderGuid:4C9334684BA61B42C769F799D2576455
 |   |   |- [+] [  7]
 |   |   |   |- Guid:3B001FA0C97E3ACEAAA3202AD5A5E55A NativeClass:/Script/Engine.PostProcessVolume Name:PostProcessVolume_1 Label:PostProcessVolume SpatiallyLoaded:false EditorBounds:IsValid=true, Min=(X=0.000 Y=0.000 Z=400.000), Max=(X=200.000 Y=200.000 Z=600.000) RuntimeBounds:IsValid=true, Min=(X=0.000 Y=0.000 Z=400.000), Max=(X=200.000 Y=200.000 Z=600.000) RuntimeGrid:None EditorOnly:false RuntimeOnly:false HLODRelevant:false ListedInSceneOutliner:true IsMainWorldOnly:false FolderPath:Lighting FolderGuid:4C9334684BA61B42C769F799D2576455
 |   |   |- [+] [  8]
 |   |   |   |- Guid:3E9FE28D58E6352D84DEBCD639614909 NativeClass:/Script/AIModule.NavLinkProxy Name:NavLinkProxy_3 Label:NavLinkProxy3 SpatiallyLoaded:true EditorBounds:IsValid=true, Min=(X=2112.000 Y=900.000 Z=-38.000), Max=(X=2368.000 Y=1158.000 Z=230.000) RuntimeBounds:IsValid=true, Min=(X=2240.000 Y=1030.000 Z=90.000), Max=(X=2240.000 Y=1030.000 Z=90.000) RuntimeGrid:None EditorOnly:false RuntimeOnly:false HLODRelevant:false ListedInSceneOutliner:true IsMainWorldOnly:false FolderPath:Navigation FolderGuid:AE45D61F453CC144CF8289862C276E89
 |   |   |- [+] [  9]
 |   |   |   |- Guid:69C6956E04853543AA4648133DBD8A40 NativeClass:/Script/Engine.StaticMeshActor Name:StaticMeshActor_UAID_A4AE111137DC5CFB00_1660657071 Label:SM_SkySphere SpatiallyLoaded:false EditorBounds:IsValid=true, Min=(X=-1638400.000 Y=-1638400.000 Z=-1638400.000), Max=(X=1638400.000 Y=1638400.000 Z=1638400.000) RuntimeBounds:IsValid=true, Min=(X=-1638400.000 Y=-1638400.000 Z=-1638400.000), Max=(X=1638400.000 Y=1638400.000 Z=1638400.000) RuntimeGrid:None EditorOnly:false RuntimeOnly:false HLODRelevant:false ListedInSceneOutliner:true IsMainWorldOnly:false FolderPath:Lighting FolderGuid:4C9334684BA61B42C769F799D2576455
 |   |   |- [+] [ 10]
 |   |   |   |- Guid:6F277B0676233C30A16E29C0D2F412DB NativeClass:/Script/Engine.SkyLight Name:SkyLight_1 Label:SkyLight SpatiallyLoaded:false EditorBounds:IsValid=true, Min=(X=-1.000 Y=-1.000 Z=-1.000), Max=(X=1.000 Y=1.000 Z=690.000) RuntimeBounds:IsValid=true, Min=(X=0.000 Y=0.000 Z=690.000), Max=(X=0.000 Y=0.000 Z=690.000) RuntimeGrid:None EditorOnly:false RuntimeOnly:false HLODRelevant:false ListedInSceneOutliner:true IsMainWorldOnly:false FolderPath:Lighting FolderGuid:4C9334684BA61B42C769F799D2576455
 |   |   |- [+] [ 11]
 |   |   |   |- Guid:792E52D8C0DC3010B3157C516FB94FFE NativeClass:/Script/Engine.PlayerStart Name:PlayerStart_0 Label:PlayerStart SpatiallyLoaded:false EditorBounds:IsValid=true, Min=(X=1312.000 Y=1692.000 Z=-128.000), Max=(X=1680.000 Y=1948.000 Z=128.000) RuntimeBounds:IsValid=true, Min=(X=1400.000 Y=1780.000 Z=-92.000), Max=(X=1480.000 Y=1860.000 Z=92.000) RuntimeGrid:None EditorOnly:false RuntimeOnly:false HLODRelevant:false ListedInSceneOutliner:true IsMainWorldOnly:false
 |   |   |- [+] [ 12]
 |   |   |   |- Guid:A053967EEA4637FFBBA64BCA3EFA24DB NativeClass:/Script/Engine.WorldDataLayers Name:WorldDataLayers Label:WorldDataLayers SpatiallyLoaded:false EditorBounds:IsValid=false, Min=(X=0.000 Y=0.000 Z=0.000), Max=(X=0.000 Y=0.000 Z=0.000) RuntimeBounds:IsValid=false, Min=(X=0.000 Y=0.000 Z=0.000), Max=(X=0.000 Y=0.000 Z=0.000) RuntimeGrid:None EditorOnly:false RuntimeOnly:false HLODRelevant:false ListedInSceneOutliner:true IsMainWorldOnly:true
 |   |   |- [+] [ 13]
 |   |   |   |- Guid:B7FDF555B5A631CB892C6C2C41484F06 NativeClass:/Script/Engine.VolumetricCloud Name:VolumetricCloud_0 Label:VolumetricCloud SpatiallyLoaded:false EditorBounds:IsValid=true, Min=(X=-128.000 Y=-128.000 Z=692.000), Max=(X=128.000 Y=128.000 Z=948.000) RuntimeBounds:IsValid=true, Min=(X=0.000 Y=0.000 Z=820.000), Max=(X=0.000 Y=0.000 Z=820.000) RuntimeGrid:None EditorOnly:false RuntimeOnly:false HLODRelevant:false ListedInSceneOutliner:true IsMainWorldOnly:false FolderPath:Lighting FolderGuid:4C9334684BA61B42C769F799D2576455
 |   |   |- [+] [ 14]
 |   |   |   |- Guid:D869EE4A5B4B36CAA8751D872750D3BB NativeClass:/Script/NavigationSystem.NavMeshBoundsVolume Name:NavMeshBoundsVolume_UAID_DC4628E3D851865E02_1434237344 Label:NavMeshBoundsVolume2 SpatiallyLoaded:false EditorBounds:IsValid=true, Min=(X=-6755.000 Y=-3320.000 Z=-1300.000), Max=(X=9595.000 Y=7280.000 Z=1200.000) RuntimeBounds:IsValid=true, Min=(X=-6755.000 Y=-3320.000 Z=-1300.000), Max=(X=9595.000 Y=7280.000 Z=1200.000) RuntimeGrid:None EditorOnly:false RuntimeOnly:false HLODRelevant:false ListedInSceneOutliner:true IsMainWorldOnly:false
 |- ContainerInstances:
 |- [+] MainContainer:
 |   |-        ID: 00000000000000000000000000000000
 |   |-  ParentID: 00000000000000000000000000000000
 |   |-    Bounds: IsValid=false, Min=(X=0.000 Y=0.000 Z=0.000), Max=(X=0.000 Y=0.000 Z=0.000)
 |   |- Transform: 0.000000,0.000000,0.000000|0.000000,0.000000,-0.000000|1.000000,1.000000,1.000000
 |   |- Container: /Game/TopDown/Maps/Level_B
----------------------------------------------------------------------------------------------------------------
Level_B - Persistent Level
----------------------------------------------------------------------------------------------------------------
[+] Content of Level_B Persistent Level
 |- Always loaded Actor Count: 15 
 |- Actor Path: /Game/TopDown/Maps/UEDPIE_0_Level_B.Level_B:PersistentLevel.BP_Enemy_Melee_C_UAID_DC4628E3D851865E02_1131959343
 |- Actor Package: /Game/TopDown/Maps/UEDPIE_0_Level_B_InstanceOf_/Game/__ExternalActors__/TopDown/Maps/Level_B/7/I5/VLS63RDLL138FINGEA5ESB
 |- Actor Path: /Game/TopDown/Maps/UEDPIE_0_Level_B.Level_B:PersistentLevel.DirectionalLight_1
 |- Actor Package: /Game/TopDown/Maps/UEDPIE_0_Level_B_InstanceOf_/Game/__ExternalActors__/TopDown/Maps/Level_B/A/1A/SKOGXS0A8O26WJ969ARTNI
 |- Actor Path: /Game/TopDown/Maps/UEDPIE_0_Level_B.Level_B:PersistentLevel.DungeonGenerator_C_UAID_5CE91EABF2B2A15C02_1104063983
 |- Actor Package: /Game/TopDown/Maps/UEDPIE_0_Level_B_InstanceOf_/Game/__ExternalActors__/TopDown/Maps/Level_B/8/41/WBMP9XVQ5S3B12XN9TDPSE
 |- Actor Path: /Game/TopDown/Maps/UEDPIE_0_Level_B.Level_B:PersistentLevel.ExponentialHeightFog_1
 |- Actor Package: /Game/TopDown/Maps/UEDPIE_0_Level_B_InstanceOf_/Game/__ExternalActors__/TopDown/Maps/Level_B/3/DQ/PH275ACA7559YQPLFKVNJL
 |- Actor Path: /Game/TopDown/Maps/UEDPIE_0_Level_B.Level_B:PersistentLevel.NavLinkProxy_3
 |- Actor Package: /Game/TopDown/Maps/UEDPIE_0_Level_B_InstanceOf_/Game/__ExternalActors__/TopDown/Maps/Level_B/D/MI/FJ4NW1LTL4WX8ZDTL9KHBU
 |- Actor Path: /Game/TopDown/Maps/UEDPIE_0_Level_B.Level_B:PersistentLevel.NavMeshBoundsVolume_1
 |- Actor Package: /Game/TopDown/Maps/UEDPIE_0_Level_B_InstanceOf_/Game/__ExternalActors__/TopDown/Maps/Level_B/0/1A/N9A7TY89ZGY0RF417IKWHQ
 |- Actor Path: /Game/TopDown/Maps/UEDPIE_0_Level_B.Level_B:PersistentLevel.NavMeshBoundsVolume_UAID_DC4628E3D851865E02_1434237344
 |- Actor Package: /Game/TopDown/Maps/UEDPIE_0_Level_B_InstanceOf_/Game/__ExternalActors__/TopDown/Maps/Level_B/A/FH/6F2UKRYNSV6A4YJ7JZT2L9
 |- Actor Path: /Game/TopDown/Maps/UEDPIE_0_Level_B.Level_B:PersistentLevel.PlayerStart_0
 |- Actor Package: /Game/TopDown/Maps/UEDPIE_0_Level_B_InstanceOf_/Game/__ExternalActors__/TopDown/Maps/Level_B/B/7B/OVDA7HHNXQP0EFY1BL8DLZ
 |- Actor Path: /Game/TopDown/Maps/UEDPIE_0_Level_B.Level_B:PersistentLevel.PostProcessVolume_1
 |- Actor Package: /Game/TopDown/Maps/UEDPIE_0_Level_B_InstanceOf_/Game/__ExternalActors__/TopDown/Maps/Level_B/B/TN/PFOMAG4WVWHN6Y3YYHJ9F9
 |- Actor Path: /Game/TopDown/Maps/UEDPIE_0_Level_B.Level_B:PersistentLevel.SkyAtmosphere_1
 |- Actor Package: /Game/TopDown/Maps/UEDPIE_0_Level_B_InstanceOf_/Game/__ExternalActors__/TopDown/Maps/Level_B/7/6X/HNP0ZISY55SOCKFBJXI4KI
 |- Actor Path: /Game/TopDown/Maps/UEDPIE_0_Level_B.Level_B:PersistentLevel.SkyLight_1
 |- Actor Package: /Game/TopDown/Maps/UEDPIE_0_Level_B_InstanceOf_/Game/__ExternalActors__/TopDown/Maps/Level_B/6/QA/6VV3D89F0QX2QVWWMAQGVH
 |- Actor Path: /Game/TopDown/Maps/UEDPIE_0_Level_B.Level_B:PersistentLevel.StaticMeshActor_UAID_5CE91EABF2B2285F02_1694986858
 |- Actor Package: /Game/TopDown/Maps/UEDPIE_0_Level_B_InstanceOf_/Game/__ExternalActors__/TopDown/Maps/Level_B/1/EC/O2GJLM1C2QU59CW5MAFDHL
 |- Actor Path: /Game/TopDown/Maps/UEDPIE_0_Level_B.Level_B:PersistentLevel.StaticMeshActor_UAID_A4AE111137DC5CFB00_1660657071
 |- Actor Package: /Game/TopDown/Maps/UEDPIE_0_Level_B_InstanceOf_/Game/__ExternalActors__/TopDown/Maps/Level_B/8/J2/04JQTNV15GXZF0EPPS8CHA
 |- Actor Path: /Game/TopDown/Maps/UEDPIE_0_Level_B.Level_B:PersistentLevel.VolumetricCloud_0
 |- Actor Package: /Game/TopDown/Maps/UEDPIE_0_Level_B_InstanceOf_/Game/__ExternalActors__/TopDown/Maps/Level_B/D/JX/LLFJ22K7KLRVM2VVN86XHC
 |- Actor Path: /Game/TopDown/Maps/UEDPIE_0_Level_B.Level_B:PersistentLevel.WorldDataLayers
 |- Actor Package: /Game/__ExternalActors__/TopDown/Maps/Level_B/D/T8/ZKAGGPPAF1CEHVZBS01CU5

----------------------------------------------------------------------------------------------------------------
Level_B - Runtime Hash Set
----------------------------------------------------------------------------------------------------------------

