[+] Containers:
 |- [+] Container: /Game/TopDown/Maps/Level_A
 |   |- [+] ActorDescs:
 |   |   |- Guid:07F492B9552D3732803FCF0B31BF4300 NativeClass:/Script/Engine.WorldDataLayers Name:WorldDataLayers Label:WorldDataLayers SpatiallyLoaded:false EditorBounds:IsValid=false, Min=(X=0.000 Y=0.000 Z=0.000), Max=(X=0.000 Y=0.000 Z=0.000) RuntimeBounds:IsValid=false, Min=(X=0.000 Y=0.000 Z=0.000), Max=(X=0.000 Y=0.000 Z=0.000) RuntimeGrid:None EditorOnly:false RuntimeOnly:false HLODRelevant:false ListedInSceneOutliner:true IsMainWorldOnly:true
 |   |   |- Guid:1472AE1E44E730FDAFCC4B4FCE0AFD28 NativeClass:/Script/Engine.SkyLight Name:SkyLight_1 Label:SkyLight SpatiallyLoaded:false EditorBounds:IsValid=true, Min=(X=-1.000 Y=-1.000 Z=-1.000), Max=(X=1.000 Y=1.000 Z=690.000) RuntimeBounds:IsValid=true, Min=(X=0.000 Y=0.000 Z=690.000), Max=(X=0.000 Y=0.000 Z=690.000) RuntimeGrid:None EditorOnly:false RuntimeOnly:false HLODRelevant:false ListedInSceneOutliner:true IsMainWorldOnly:false FolderPath:Lighting FolderGuid:4C9334684BA61B42C769F799D2576455
 |   |   |- Guid:1E6140CDC5953508A3C85EBAD54581AF NativeClass:/Script/Engine.ExponentialHeightFog Name:ExponentialHeightFog_1 Label:ExponentialHeightFog SpatiallyLoaded:false EditorBounds:IsValid=true, Min=(X=-5728.000 Y=-178.000 Z=-6978.000), Max=(X=-5472.000 Y=78.000 Z=-6722.000) RuntimeBounds:IsValid=true, Min=(X=-5600.000 Y=-50.000 Z=-6850.000), Max=(X=-5600.000 Y=-50.000 Z=-6850.000) RuntimeGrid:None EditorOnly:false RuntimeOnly:false HLODRelevant:false ListedInSceneOutliner:true IsMainWorldOnly:false FolderPath:Lighting FolderGuid:4C9334684BA61B42C769F799D2576455
 |   |   |- Guid:32B8DABEF5203A49AB1A70786D1A066D NativeClass:/Script/Engine.DirectionalLight Name:DirectionalLight_1 Label:DirectionalLight SpatiallyLoaded:false EditorBounds:IsValid=false, Min=(X=0.000 Y=0.000 Z=0.000), Max=(X=0.000 Y=0.000 Z=0.000) RuntimeBounds:IsValid=false, Min=(X=0.000 Y=0.000 Z=0.000), Max=(X=0.000 Y=0.000 Z=0.000) RuntimeGrid:None EditorOnly:false RuntimeOnly:false HLODRelevant:false ListedInSceneOutliner:true IsMainWorldOnly:false FolderPath:Lighting FolderGuid:4C9334684BA61B42C769F799D2576455
 |   |   |- Guid:42B29204E84E39029A4713E2AA5178A5 BaseClass:/Game/Enemy/BP_Enemy_Melee.BP_Enemy_Melee_C NativeClass:/Script/Engine.Character Name:BP_Enemy_Melee_C_UAID_DC4628E3D851865E02_1131959343 Label:BP_Enemy_Melee SpatiallyLoaded:true EditorBounds:IsValid=true, Min=(X=-1089.709 Y=830.000 Z=-4.491), Max=(X=1482.000 Y=2850.000 Z=2963.790) RuntimeBounds:IsValid=true, Min=(X=1398.000 Y=1768.000 Z=-4.491), Max=(X=1482.000 Y=1861.290 Z=192.000) RuntimeGrid:None EditorOnly:false RuntimeOnly:false HLODRelevant:false ListedInSceneOutliner:true IsMainWorldOnly:false
 |   |   |- Guid:46C69244966E32D785259CF62659E729 NativeClass:/Script/Engine.SkyAtmosphere Name:SkyAtmosphere_1 Label:SkyAtmosphere SpatiallyLoaded:false EditorBounds:IsValid=true, Min=(X=-128.000 Y=-128.000 Z=892.000), Max=(X=240.000 Y=128.000 Z=1148.000) RuntimeBounds:IsValid=true, Min=(X=0.000 Y=0.000 Z=1020.000), Max=(X=0.000 Y=0.000 Z=1020.000) RuntimeGrid:None EditorOnly:false RuntimeOnly:false HLODRelevant:false ListedInSceneOutliner:true IsMainWorldOnly:false FolderPath:Lighting FolderGuid:4C9334684BA61B42C769F799D2576455
 |   |   |- Guid:64495EB69F8333629B3CC843BBC9A109 NativeClass:/Script/NavigationSystem.NavMeshBoundsVolume Name:NavMeshBoundsVolume_UAID_DC4628E3D851865E02_1434237344 Label:NavMeshBoundsVolume2 SpatiallyLoaded:false EditorBounds:IsValid=true, Min=(X=-6755.000 Y=-3320.000 Z=-1300.000), Max=(X=9595.000 Y=7280.000 Z=1200.000) RuntimeBounds:IsValid=true, Min=(X=-6755.000 Y=-3320.000 Z=-1300.000), Max=(X=9595.000 Y=7280.000 Z=1200.000) RuntimeGrid:None EditorOnly:false RuntimeOnly:false HLODRelevant:false ListedInSceneOutliner:true IsMainWorldOnly:false
 |   |   |- Guid:7D2405423847E0A83BFB2E9247C16CDB NativeClass:/Script/Engine.StaticMeshActor Name:StaticMeshActor_UAID_5CE91EABF2B2285F02_1689699857 Label:SM_Cube SpatiallyLoaded:true EditorBounds:IsValid=true, Min=(X=0.000 Y=0.000 Z=-50.000), Max=(X=3000.000 Y=3500.000 Z=0.000) RuntimeBounds:IsValid=true, Min=(X=0.000 Y=0.000 Z=-50.000), Max=(X=3000.000 Y=3500.000 Z=0.000) RuntimeGrid:None EditorOnly:false RuntimeOnly:false HLODRelevant:true ListedInSceneOutliner:true IsMainWorldOnly:false FolderPath:Playground FolderGuid:9FE5E8B349AF71F05F2688921F3F2AC5
 |   |   |- Guid:83562DF7BA0332DCB37CC7E073E48D21 NativeClass:/Script/Engine.PlayerStart Name:PlayerStart_0 Label:PlayerStart SpatiallyLoaded:false EditorBounds:IsValid=true, Min=(X=1292.000 Y=1622.000 Z=-128.000), Max=(X=1660.000 Y=1878.000 Z=128.000) RuntimeBounds:IsValid=true, Min=(X=1380.000 Y=1710.000 Z=-92.000), Max=(X=1460.000 Y=1790.000 Z=92.000) RuntimeGrid:None EditorOnly:false RuntimeOnly:false HLODRelevant:false ListedInSceneOutliner:true IsMainWorldOnly:false
 |   |   |- Guid:9934A653500934CC8DF3377B7A22F5BE NativeClass:/Script/NavigationSystem.NavMeshBoundsVolume Name:NavMeshBoundsVolume_1 Label:NavMeshBoundsVolume SpatiallyLoaded:false EditorBounds:IsValid=true, Min=(X=-6500.000 Y=-7500.000 Z=-1110.000), Max=(X=9500.000 Y=11000.000 Z=1390.000) RuntimeBounds:IsValid=true, Min=(X=-6500.000 Y=-7500.000 Z=-1110.000), Max=(X=9500.000 Y=11000.000 Z=1390.000) RuntimeGrid:None EditorOnly:false RuntimeOnly:false HLODRelevant:false ListedInSceneOutliner:true IsMainWorldOnly:false FolderPath:Navigation FolderGuid:AE45D61F453CC144CF8289862C276E89
 |   |   |- Guid:C8A336DBB71039DE8A3605A0726C970B NativeClass:/Script/Engine.StaticMeshActor Name:StaticMeshActor_UAID_A4AE111137DC5CFB00_1660657071 Label:SM_SkySphere SpatiallyLoaded:false EditorBounds:IsValid=true, Min=(X=-1638400.000 Y=-1638400.000 Z=-1638400.000), Max=(X=1638400.000 Y=1638400.000 Z=1638400.000) RuntimeBounds:IsValid=true, Min=(X=-1638400.000 Y=-1638400.000 Z=-1638400.000), Max=(X=1638400.000 Y=1638400.000 Z=1638400.000) RuntimeGrid:None EditorOnly:false RuntimeOnly:false HLODRelevant:false ListedInSceneOutliner:true IsMainWorldOnly:false FolderPath:Lighting FolderGuid:4C9334684BA61B42C769F799D2576455
 |   |   |- Guid:E337E4190024396C8D782ACAD84F777B NativeClass:/Script/Engine.PostProcessVolume Name:PostProcessVolume_1 Label:PostProcessVolume SpatiallyLoaded:false EditorBounds:IsValid=true, Min=(X=0.000 Y=0.000 Z=400.000), Max=(X=200.000 Y=200.000 Z=600.000) RuntimeBounds:IsValid=true, Min=(X=0.000 Y=0.000 Z=400.000), Max=(X=200.000 Y=200.000 Z=600.000) RuntimeGrid:None EditorOnly:false RuntimeOnly:false HLODRelevant:false ListedInSceneOutliner:true IsMainWorldOnly:false FolderPath:Lighting FolderGuid:4C9334684BA61B42C769F799D2576455
 |   |   |- Guid:E6DE9664354E0A60EEAA18AF4D3224EB BaseClass:/Game/TopDown/Blueprints/DungeonGenerator.DungeonGenerator_C NativeClass:/Script/Engine.Actor Name:DungeonGenerator_C_UAID_5CE91EABF2B22A5F02_1129411211 Label:DungeonGenerator2 SpatiallyLoaded:true EditorBounds:IsValid=true, Min=(X=1440.000 Y=1820.000 Z=50.000), Max=(X=1440.000 Y=1820.000 Z=50.000) RuntimeBounds:IsValid=true, Min=(X=1440.000 Y=1820.000 Z=50.000), Max=(X=1440.000 Y=1820.000 Z=50.000) RuntimeGrid:None EditorOnly:false RuntimeOnly:false HLODRelevant:false ListedInSceneOutliner:true IsMainWorldOnly:false
 |   |   |- Guid:EF1290A7B1313BBCA1BA43DC629A835F NativeClass:/Script/Engine.VolumetricCloud Name:VolumetricCloud_0 Label:VolumetricCloud SpatiallyLoaded:false EditorBounds:IsValid=true, Min=(X=-128.000 Y=-128.000 Z=692.000), Max=(X=128.000 Y=128.000 Z=948.000) RuntimeBounds:IsValid=true, Min=(X=0.000 Y=0.000 Z=820.000), Max=(X=0.000 Y=0.000 Z=820.000) RuntimeGrid:None EditorOnly:false RuntimeOnly:false HLODRelevant:false ListedInSceneOutliner:true IsMainWorldOnly:false FolderPath:Lighting FolderGuid:4C9334684BA61B42C769F799D2576455
 |   |   |- Guid:F0EF80A7C2FB34E28AC4D1C4F6A8394D NativeClass:/Script/AIModule.NavLinkProxy Name:NavLinkProxy_3 Label:NavLinkProxy3 SpatiallyLoaded:true EditorBounds:IsValid=true, Min=(X=2112.000 Y=900.000 Z=-38.000), Max=(X=2368.000 Y=1158.000 Z=230.000) RuntimeBounds:IsValid=true, Min=(X=2240.000 Y=1030.000 Z=90.000), Max=(X=2240.000 Y=1030.000 Z=90.000) RuntimeGrid:None EditorOnly:false RuntimeOnly:false HLODRelevant:false ListedInSceneOutliner:true IsMainWorldOnly:false FolderPath:Navigation FolderGuid:AE45D61F453CC144CF8289862C276E89
 |   |- [+] Clusters:
 |   |   |- [+] [  0]
 |   |   |   |- Guid:07F492B9552D3732803FCF0B31BF4300 NativeClass:/Script/Engine.WorldDataLayers Name:WorldDataLayers Label:WorldDataLayers SpatiallyLoaded:false EditorBounds:IsValid=false, Min=(X=0.000 Y=0.000 Z=0.000), Max=(X=0.000 Y=0.000 Z=0.000) RuntimeBounds:IsValid=false, Min=(X=0.000 Y=0.000 Z=0.000), Max=(X=0.000 Y=0.000 Z=0.000) RuntimeGrid:None EditorOnly:false RuntimeOnly:false HLODRelevant:false ListedInSceneOutliner:true IsMainWorldOnly:true
 |   |   |- [+] [  1]
 |   |   |   |- Guid:1472AE1E44E730FDAFCC4B4FCE0AFD28 NativeClass:/Script/Engine.SkyLight Name:SkyLight_1 Label:SkyLight SpatiallyLoaded:false EditorBounds:IsValid=true, Min=(X=-1.000 Y=-1.000 Z=-1.000), Max=(X=1.000 Y=1.000 Z=690.000) RuntimeBounds:IsValid=true, Min=(X=0.000 Y=0.000 Z=690.000), Max=(X=0.000 Y=0.000 Z=690.000) RuntimeGrid:None EditorOnly:false RuntimeOnly:false HLODRelevant:false ListedInSceneOutliner:true IsMainWorldOnly:false FolderPath:Lighting FolderGuid:4C9334684BA61B42C769F799D2576455
 |   |   |- [+] [  2]
 |   |   |   |- Guid:1E6140CDC5953508A3C85EBAD54581AF NativeClass:/Script/Engine.ExponentialHeightFog Name:ExponentialHeightFog_1 Label:ExponentialHeightFog SpatiallyLoaded:false EditorBounds:IsValid=true, Min=(X=-5728.000 Y=-178.000 Z=-6978.000), Max=(X=-5472.000 Y=78.000 Z=-6722.000) RuntimeBounds:IsValid=true, Min=(X=-5600.000 Y=-50.000 Z=-6850.000), Max=(X=-5600.000 Y=-50.000 Z=-6850.000) RuntimeGrid:None EditorOnly:false RuntimeOnly:false HLODRelevant:false ListedInSceneOutliner:true IsMainWorldOnly:false FolderPath:Lighting FolderGuid:4C9334684BA61B42C769F799D2576455
 |   |   |- [+] [  3]
 |   |   |   |- Guid:32B8DABEF5203A49AB1A70786D1A066D NativeClass:/Script/Engine.DirectionalLight Name:DirectionalLight_1 Label:DirectionalLight SpatiallyLoaded:false EditorBounds:IsValid=false, Min=(X=0.000 Y=0.000 Z=0.000), Max=(X=0.000 Y=0.000 Z=0.000) RuntimeBounds:IsValid=false, Min=(X=0.000 Y=0.000 Z=0.000), Max=(X=0.000 Y=0.000 Z=0.000) RuntimeGrid:None EditorOnly:false RuntimeOnly:false HLODRelevant:false ListedInSceneOutliner:true IsMainWorldOnly:false FolderPath:Lighting FolderGuid:4C9334684BA61B42C769F799D2576455
 |   |   |- [+] [  4]
 |   |   |   |- Guid:42B29204E84E39029A4713E2AA5178A5 BaseClass:/Game/Enemy/BP_Enemy_Melee.BP_Enemy_Melee_C NativeClass:/Script/Engine.Character Name:BP_Enemy_Melee_C_UAID_DC4628E3D851865E02_1131959343 Label:BP_Enemy_Melee SpatiallyLoaded:true EditorBounds:IsValid=true, Min=(X=-1089.709 Y=830.000 Z=-4.491), Max=(X=1482.000 Y=2850.000 Z=2963.790) RuntimeBounds:IsValid=true, Min=(X=1398.000 Y=1768.000 Z=-4.491), Max=(X=1482.000 Y=1861.290 Z=192.000) RuntimeGrid:None EditorOnly:false RuntimeOnly:false HLODRelevant:false ListedInSceneOutliner:true IsMainWorldOnly:false
 |   |   |- [+] [  5]
 |   |   |   |- Guid:46C69244966E32D785259CF62659E729 NativeClass:/Script/Engine.SkyAtmosphere Name:SkyAtmosphere_1 Label:SkyAtmosphere SpatiallyLoaded:false EditorBounds:IsValid=true, Min=(X=-128.000 Y=-128.000 Z=892.000), Max=(X=240.000 Y=128.000 Z=1148.000) RuntimeBounds:IsValid=true, Min=(X=0.000 Y=0.000 Z=1020.000), Max=(X=0.000 Y=0.000 Z=1020.000) RuntimeGrid:None EditorOnly:false RuntimeOnly:false HLODRelevant:false ListedInSceneOutliner:true IsMainWorldOnly:false FolderPath:Lighting FolderGuid:4C9334684BA61B42C769F799D2576455
 |   |   |- [+] [  6]
 |   |   |   |- Guid:64495EB69F8333629B3CC843BBC9A109 NativeClass:/Script/NavigationSystem.NavMeshBoundsVolume Name:NavMeshBoundsVolume_UAID_DC4628E3D851865E02_1434237344 Label:NavMeshBoundsVolume2 SpatiallyLoaded:false EditorBounds:IsValid=true, Min=(X=-6755.000 Y=-3320.000 Z=-1300.000), Max=(X=9595.000 Y=7280.000 Z=1200.000) RuntimeBounds:IsValid=true, Min=(X=-6755.000 Y=-3320.000 Z=-1300.000), Max=(X=9595.000 Y=7280.000 Z=1200.000) RuntimeGrid:None EditorOnly:false RuntimeOnly:false HLODRelevant:false ListedInSceneOutliner:true IsMainWorldOnly:false
 |   |   |- [+] [  7]
 |   |   |   |- Guid:7D2405423847E0A83BFB2E9247C16CDB NativeClass:/Script/Engine.StaticMeshActor Name:StaticMeshActor_UAID_5CE91EABF2B2285F02_1689699857 Label:SM_Cube SpatiallyLoaded:true EditorBounds:IsValid=true, Min=(X=0.000 Y=0.000 Z=-50.000), Max=(X=3000.000 Y=3500.000 Z=0.000) RuntimeBounds:IsValid=true, Min=(X=0.000 Y=0.000 Z=-50.000), Max=(X=3000.000 Y=3500.000 Z=0.000) RuntimeGrid:None EditorOnly:false RuntimeOnly:false HLODRelevant:true ListedInSceneOutliner:true IsMainWorldOnly:false FolderPath:Playground FolderGuid:9FE5E8B349AF71F05F2688921F3F2AC5
 |   |   |- [+] [  8]
 |   |   |   |- Guid:83562DF7BA0332DCB37CC7E073E48D21 NativeClass:/Script/Engine.PlayerStart Name:PlayerStart_0 Label:PlayerStart SpatiallyLoaded:false EditorBounds:IsValid=true, Min=(X=1292.000 Y=1622.000 Z=-128.000), Max=(X=1660.000 Y=1878.000 Z=128.000) RuntimeBounds:IsValid=true, Min=(X=1380.000 Y=1710.000 Z=-92.000), Max=(X=1460.000 Y=1790.000 Z=92.000) RuntimeGrid:None EditorOnly:false RuntimeOnly:false HLODRelevant:false ListedInSceneOutliner:true IsMainWorldOnly:false
 |   |   |- [+] [  9]
 |   |   |   |- Guid:9934A653500934CC8DF3377B7A22F5BE NativeClass:/Script/NavigationSystem.NavMeshBoundsVolume Name:NavMeshBoundsVolume_1 Label:NavMeshBoundsVolume SpatiallyLoaded:false EditorBounds:IsValid=true, Min=(X=-6500.000 Y=-7500.000 Z=-1110.000), Max=(X=9500.000 Y=11000.000 Z=1390.000) RuntimeBounds:IsValid=true, Min=(X=-6500.000 Y=-7500.000 Z=-1110.000), Max=(X=9500.000 Y=11000.000 Z=1390.000) RuntimeGrid:None EditorOnly:false RuntimeOnly:false HLODRelevant:false ListedInSceneOutliner:true IsMainWorldOnly:false FolderPath:Navigation FolderGuid:AE45D61F453CC144CF8289862C276E89
 |   |   |- [+] [ 10]
 |   |   |   |- Guid:C8A336DBB71039DE8A3605A0726C970B NativeClass:/Script/Engine.StaticMeshActor Name:StaticMeshActor_UAID_A4AE111137DC5CFB00_1660657071 Label:SM_SkySphere SpatiallyLoaded:false EditorBounds:IsValid=true, Min=(X=-1638400.000 Y=-1638400.000 Z=-1638400.000), Max=(X=1638400.000 Y=1638400.000 Z=1638400.000) RuntimeBounds:IsValid=true, Min=(X=-1638400.000 Y=-1638400.000 Z=-1638400.000), Max=(X=1638400.000 Y=1638400.000 Z=1638400.000) RuntimeGrid:None EditorOnly:false RuntimeOnly:false HLODRelevant:false ListedInSceneOutliner:true IsMainWorldOnly:false FolderPath:Lighting FolderGuid:4C9334684BA61B42C769F799D2576455
 |   |   |- [+] [ 11]
 |   |   |   |- Guid:E337E4190024396C8D782ACAD84F777B NativeClass:/Script/Engine.PostProcessVolume Name:PostProcessVolume_1 Label:PostProcessVolume SpatiallyLoaded:false EditorBounds:IsValid=true, Min=(X=0.000 Y=0.000 Z=400.000), Max=(X=200.000 Y=200.000 Z=600.000) RuntimeBounds:IsValid=true, Min=(X=0.000 Y=0.000 Z=400.000), Max=(X=200.000 Y=200.000 Z=600.000) RuntimeGrid:None EditorOnly:false RuntimeOnly:false HLODRelevant:false ListedInSceneOutliner:true IsMainWorldOnly:false FolderPath:Lighting FolderGuid:4C9334684BA61B42C769F799D2576455
 |   |   |- [+] [ 12]
 |   |   |   |- Guid:E6DE9664354E0A60EEAA18AF4D3224EB BaseClass:/Game/TopDown/Blueprints/DungeonGenerator.DungeonGenerator_C NativeClass:/Script/Engine.Actor Name:DungeonGenerator_C_UAID_5CE91EABF2B22A5F02_1129411211 Label:DungeonGenerator2 SpatiallyLoaded:true EditorBounds:IsValid=true, Min=(X=1440.000 Y=1820.000 Z=50.000), Max=(X=1440.000 Y=1820.000 Z=50.000) RuntimeBounds:IsValid=true, Min=(X=1440.000 Y=1820.000 Z=50.000), Max=(X=1440.000 Y=1820.000 Z=50.000) RuntimeGrid:None EditorOnly:false RuntimeOnly:false HLODRelevant:false ListedInSceneOutliner:true IsMainWorldOnly:false
 |   |   |- [+] [ 13]
 |   |   |   |- Guid:EF1290A7B1313BBCA1BA43DC629A835F NativeClass:/Script/Engine.VolumetricCloud Name:VolumetricCloud_0 Label:VolumetricCloud SpatiallyLoaded:false EditorBounds:IsValid=true, Min=(X=-128.000 Y=-128.000 Z=692.000), Max=(X=128.000 Y=128.000 Z=948.000) RuntimeBounds:IsValid=true, Min=(X=0.000 Y=0.000 Z=820.000), Max=(X=0.000 Y=0.000 Z=820.000) RuntimeGrid:None EditorOnly:false RuntimeOnly:false HLODRelevant:false ListedInSceneOutliner:true IsMainWorldOnly:false FolderPath:Lighting FolderGuid:4C9334684BA61B42C769F799D2576455
 |   |   |- [+] [ 14]
 |   |   |   |- Guid:F0EF80A7C2FB34E28AC4D1C4F6A8394D NativeClass:/Script/AIModule.NavLinkProxy Name:NavLinkProxy_3 Label:NavLinkProxy3 SpatiallyLoaded:true EditorBounds:IsValid=true, Min=(X=2112.000 Y=900.000 Z=-38.000), Max=(X=2368.000 Y=1158.000 Z=230.000) RuntimeBounds:IsValid=true, Min=(X=2240.000 Y=1030.000 Z=90.000), Max=(X=2240.000 Y=1030.000 Z=90.000) RuntimeGrid:None EditorOnly:false RuntimeOnly:false HLODRelevant:false ListedInSceneOutliner:true IsMainWorldOnly:false FolderPath:Navigation FolderGuid:AE45D61F453CC144CF8289862C276E89
 |- ContainerInstances:
 |- [+] MainContainer:
 |   |-        ID: 00000000000000000000000000000000
 |   |-  ParentID: 00000000000000000000000000000000
 |   |-    Bounds: IsValid=false, Min=(X=0.000 Y=0.000 Z=0.000), Max=(X=0.000 Y=0.000 Z=0.000)
 |   |- Transform: 0.000000,0.000000,0.000000|0.000000,0.000000,-0.000000|1.000000,1.000000,1.000000
 |   |- Container: /Game/TopDown/Maps/Level_A
----------------------------------------------------------------------------------------------------------------
Level_A - Persistent Level
----------------------------------------------------------------------------------------------------------------
[+] Content of Level_A Persistent Level
 |- Always loaded Actor Count: 15 
 |- Actor Path: /Game/TopDown/Maps/UEDPIE_0_Level_A.Level_A:PersistentLevel.BP_Enemy_Melee_C_UAID_DC4628E3D851865E02_1131959343
 |- Actor Package: /Game/TopDown/Maps/UEDPIE_0_Level_A_InstanceOf_/Game/__ExternalActors__/TopDown/Maps/Level_A/4/Q2/7J9SC0SOYORMJIILP7Y3C5
 |- Actor Path: /Game/TopDown/Maps/UEDPIE_0_Level_A.Level_A:PersistentLevel.DirectionalLight_1
 |- Actor Package: /Game/TopDown/Maps/UEDPIE_0_Level_A_InstanceOf_/Game/__ExternalActors__/TopDown/Maps/Level_A/1/30/4I040GH2ECMOPAQUZT7Z0J
 |- Actor Path: /Game/TopDown/Maps/UEDPIE_0_Level_A.Level_A:PersistentLevel.DungeonGenerator_C_UAID_5CE91EABF2B22A5F02_1129411211
 |- Actor Package: /Game/TopDown/Maps/UEDPIE_0_Level_A_InstanceOf_/Game/__ExternalActors__/TopDown/Maps/Level_A/6/GG/XK9KJK0Y7K0IXWI0H6BUSX
 |- Actor Path: /Game/TopDown/Maps/UEDPIE_0_Level_A.Level_A:PersistentLevel.ExponentialHeightFog_1
 |- Actor Package: /Game/TopDown/Maps/UEDPIE_0_Level_A_InstanceOf_/Game/__ExternalActors__/TopDown/Maps/Level_A/F/0E/Q2RV882EYIIVSNDFLO35K1
 |- Actor Path: /Game/TopDown/Maps/UEDPIE_0_Level_A.Level_A:PersistentLevel.NavLinkProxy_3
 |- Actor Package: /Game/TopDown/Maps/UEDPIE_0_Level_A_InstanceOf_/Game/__ExternalActors__/TopDown/Maps/Level_A/2/H8/0MMUM36HG4ZRH52YD8XOBH
 |- Actor Path: /Game/TopDown/Maps/UEDPIE_0_Level_A.Level_A:PersistentLevel.NavMeshBoundsVolume_1
 |- Actor Package: /Game/TopDown/Maps/UEDPIE_0_Level_A_InstanceOf_/Game/__ExternalActors__/TopDown/Maps/Level_A/6/F8/3BNY1RURY2R85D63HQ1T4M
 |- Actor Path: /Game/TopDown/Maps/UEDPIE_0_Level_A.Level_A:PersistentLevel.NavMeshBoundsVolume_UAID_DC4628E3D851865E02_1434237344
 |- Actor Package: /Game/TopDown/Maps/UEDPIE_0_Level_A_InstanceOf_/Game/__ExternalActors__/TopDown/Maps/Level_A/8/WP/GHVESYVURWNUH3QYK16RCZ
 |- Actor Path: /Game/TopDown/Maps/UEDPIE_0_Level_A.Level_A:PersistentLevel.PlayerStart_0
 |- Actor Package: /Game/TopDown/Maps/UEDPIE_0_Level_A_InstanceOf_/Game/__ExternalActors__/TopDown/Maps/Level_A/5/FS/D9EFMRHCQTMQOBD6KVVSUX
 |- Actor Path: /Game/TopDown/Maps/UEDPIE_0_Level_A.Level_A:PersistentLevel.PostProcessVolume_1
 |- Actor Package: /Game/TopDown/Maps/UEDPIE_0_Level_A_InstanceOf_/Game/__ExternalActors__/TopDown/Maps/Level_A/C/L1/QQDVN9779HDB804ZXFKCLS
 |- Actor Path: /Game/TopDown/Maps/UEDPIE_0_Level_A.Level_A:PersistentLevel.SkyAtmosphere_1
 |- Actor Package: /Game/TopDown/Maps/UEDPIE_0_Level_A_InstanceOf_/Game/__ExternalActors__/TopDown/Maps/Level_A/4/00/GHVSQT53E0043QSYWRAA1A
 |- Actor Path: /Game/TopDown/Maps/UEDPIE_0_Level_A.Level_A:PersistentLevel.SkyLight_1
 |- Actor Package: /Game/TopDown/Maps/UEDPIE_0_Level_A_InstanceOf_/Game/__ExternalActors__/TopDown/Maps/Level_A/7/ZM/BOQ256YVAYX7BFE37Q2ZWU
 |- Actor Path: /Game/TopDown/Maps/UEDPIE_0_Level_A.Level_A:PersistentLevel.StaticMeshActor_UAID_5CE91EABF2B2285F02_1689699857
 |- Actor Package: /Game/TopDown/Maps/UEDPIE_0_Level_A_InstanceOf_/Game/__ExternalActors__/TopDown/Maps/Level_A/7/XE/TFIDYUL8Q287E26IHGK50X
 |- Actor Path: /Game/TopDown/Maps/UEDPIE_0_Level_A.Level_A:PersistentLevel.StaticMeshActor_UAID_A4AE111137DC5CFB00_1660657071
 |- Actor Package: /Game/TopDown/Maps/UEDPIE_0_Level_A_InstanceOf_/Game/__ExternalActors__/TopDown/Maps/Level_A/E/K8/RNJR9J5HPQ1IUU8AW8KNM8
 |- Actor Path: /Game/TopDown/Maps/UEDPIE_0_Level_A.Level_A:PersistentLevel.VolumetricCloud_0
 |- Actor Package: /Game/TopDown/Maps/UEDPIE_0_Level_A_InstanceOf_/Game/__ExternalActors__/TopDown/Maps/Level_A/9/EV/WYM002EFYTMA2SU5W68314
 |- Actor Path: /Game/TopDown/Maps/UEDPIE_0_Level_A.Level_A:PersistentLevel.WorldDataLayers
 |- Actor Package: /Game/__ExternalActors__/TopDown/Maps/Level_A/D/IX/YOL0OI4AVQHBONK1DGIGC7

----------------------------------------------------------------------------------------------------------------
Level_A - Runtime Hash Set
----------------------------------------------------------------------------------------------------------------

